[0.008s] Invoking command in '/home/nhuypham/ros2_ws/src/ros_basic/build/ros_basic': CMAKE_PREFIX_PATH=${CMAKE_PREFIX_PATH}:/opt/ros/humble /usr/bin/cmake /home/nhuypham/ros2_ws/src/ros_basic -DCMAKE_INSTALL_PREFIX=/home/nhuypham/ros2_ws/src/ros_basic/install/ros_basic
[0.088s] -- The C compiler identification is GNU 11.4.0
[0.156s] -- The CXX compiler identification is GNU 11.4.0
[0.164s] -- Detecting C compiler ABI info
[0.222s] -- Detecting C compiler ABI info - done
[0.227s] -- Check for working C compiler: /usr/bin/cc - skipped
[0.227s] -- Detecting C compile features
[0.228s] -- Detecting C compile features - done
[0.230s] -- Detecting CXX compiler ABI info
[0.293s] -- Detecting CXX compiler ABI info - done
[0.297s] -- Check for working CXX compiler: /usr/bin/c++ - skipped
[0.297s] -- Detecting CXX compile features
[0.297s] -- Detecting CXX compile features - done
[0.302s] -- Found ament_cmake: 1.3.11 (/opt/ros/humble/share/ament_cmake/cmake)
[0.400s] -- Found Python3: /usr/bin/python3 (found version "3.10.12") found components: Interpreter 
[0.467s] -- Found rclpy: 3.3.16 (/opt/ros/humble/share/rclpy/cmake)
[0.468s] -- Found std_msgs: 4.8.0 (/opt/ros/humble/share/std_msgs/cmake)
[0.497s] -- Found rosidl_generator_c: 3.1.6 (/opt/ros/humble/share/rosidl_generator_c/cmake)
[0.502s] -- Found rosidl_adapter: 3.1.6 (/opt/ros/humble/share/rosidl_adapter/cmake)
[0.509s] -- Found rosidl_generator_cpp: 3.1.6 (/opt/ros/humble/share/rosidl_generator_cpp/cmake)
[0.520s] -- Using all available rosidl_typesupport_c: rosidl_typesupport_fastrtps_c;rosidl_typesupport_introspection_c
[0.531s] -- Using all available rosidl_typesupport_cpp: rosidl_typesupport_fastrtps_cpp;rosidl_typesupport_introspection_cpp
[0.551s] -- Found geometry_msgs: 4.8.0 (/opt/ros/humble/share/geometry_msgs/cmake)
[0.561s] -- Found ament_lint_auto: 0.12.12 (/opt/ros/humble/share/ament_lint_auto/cmake)
[0.615s] -- Added test 'cppcheck' to perform static code analysis on C / C++ code
[0.615s] -- Configured cppcheck include dirs: 
[0.615s] -- Configured cppcheck exclude dirs and/or files: 
[0.616s] -- Added test 'flake8' to check Python code syntax and style conventions
[0.617s] -- Added test 'lint_cmake' to check CMake code style
[0.618s] -- Added test 'pep257' to check Python code against some of the docstring style conventions in PEP 257
[0.623s] -- Added test 'uncrustify' to check C / C++ code style
[0.623s] -- Configured uncrustify additional arguments: 
[0.623s] -- Added test 'xmllint' to check XML markup files
[0.625s] -- Configuring done
[0.628s] -- Generating done
[0.629s] -- Build files have been written to: /home/nhuypham/ros2_ws/src/ros_basic/build/ros_basic
[0.638s] Invoked command in '/home/nhuypham/ros2_ws/src/ros_basic/build/ros_basic' returned '0': CMAKE_PREFIX_PATH=${CMAKE_PREFIX_PATH}:/opt/ros/humble /usr/bin/cmake /home/nhuypham/ros2_ws/src/ros_basic -DCMAKE_INSTALL_PREFIX=/home/nhuypham/ros2_ws/src/ros_basic/install/ros_basic
[0.639s] Invoking command in '/home/nhuypham/ros2_ws/src/ros_basic/build/ros_basic': CMAKE_PREFIX_PATH=${CMAKE_PREFIX_PATH}:/opt/ros/humble /usr/bin/cmake --build /home/nhuypham/ros2_ws/src/ros_basic/build/ros_basic -- -j12 -l12
[0.670s] Invoked command in '/home/nhuypham/ros2_ws/src/ros_basic/build/ros_basic' returned '0': CMAKE_PREFIX_PATH=${CMAKE_PREFIX_PATH}:/opt/ros/humble /usr/bin/cmake --build /home/nhuypham/ros2_ws/src/ros_basic/build/ros_basic -- -j12 -l12
[0.678s] Invoking command in '/home/nhuypham/ros2_ws/src/ros_basic/build/ros_basic': CMAKE_PREFIX_PATH=${CMAKE_PREFIX_PATH}:/opt/ros/humble /usr/bin/cmake --install /home/nhuypham/ros2_ws/src/ros_basic/build/ros_basic
[0.684s] -- Install configuration: ""
[0.684s] -- Installing: /home/nhuypham/ros2_ws/src/ros_basic/install/ros_basic/lib/ros_basic/publisher.py
[0.684s] -- Installing: /home/nhuypham/ros2_ws/src/ros_basic/install/ros_basic/lib/ros_basic/subscriber.py
[0.684s] -- Installing: /home/nhuypham/ros2_ws/src/ros_basic/install/ros_basic/lib/ros_basic/move_robot.py
[0.684s] -- Installing: /home/nhuypham/ros2_ws/src/ros_basic/install/ros_basic/lib/ros_basic/move_robot_server.py
[0.684s] -- Installing: /home/nhuypham/ros2_ws/src/ros_basic/install/ros_basic/lib/ros_basic/move_robot_client.py
[0.684s] -- Installing: /home/nhuypham/ros2_ws/src/ros_basic/install/ros_basic/lib/ros_basic/simple_server.py
[0.684s] -- Installing: /home/nhuypham/ros2_ws/src/ros_basic/install/ros_basic/lib/ros_basic/static.py
[0.685s] -- Installing: /home/nhuypham/ros2_ws/src/ros_basic/install/ros_basic/lib/ros_basic/dynamic.py
[0.685s] -- Installing: /home/nhuypham/ros2_ws/src/ros_basic/install/ros_basic/share/ros_basic/config
[0.685s] -- Installing: /home/nhuypham/ros2_ws/src/ros_basic/install/ros_basic/share/ros_basic/config/robot.yaml
[0.685s] -- Installing: /home/nhuypham/ros2_ws/src/ros_basic/install/ros_basic/share/ros_basic/launch
[0.685s] -- Installing: /home/nhuypham/ros2_ws/src/ros_basic/install/ros_basic/share/ros_basic/launch/start.launch.py
[0.685s] -- Installing: /home/nhuypham/ros2_ws/src/ros_basic/install/ros_basic/share/ament_index/resource_index/package_run_dependencies/ros_basic
[0.686s] -- Installing: /home/nhuypham/ros2_ws/src/ros_basic/install/ros_basic/share/ament_index/resource_index/parent_prefix_path/ros_basic
[0.686s] -- Installing: /home/nhuypham/ros2_ws/src/ros_basic/install/ros_basic/share/ros_basic/environment/ament_prefix_path.sh
[0.686s] -- Installing: /home/nhuypham/ros2_ws/src/ros_basic/install/ros_basic/share/ros_basic/environment/ament_prefix_path.dsv
[0.686s] -- Installing: /home/nhuypham/ros2_ws/src/ros_basic/install/ros_basic/share/ros_basic/environment/path.sh
[0.686s] -- Installing: /home/nhuypham/ros2_ws/src/ros_basic/install/ros_basic/share/ros_basic/environment/path.dsv
[0.686s] -- Installing: /home/nhuypham/ros2_ws/src/ros_basic/install/ros_basic/share/ros_basic/local_setup.bash
[0.686s] -- Installing: /home/nhuypham/ros2_ws/src/ros_basic/install/ros_basic/share/ros_basic/local_setup.sh
[0.686s] -- Installing: /home/nhuypham/ros2_ws/src/ros_basic/install/ros_basic/share/ros_basic/local_setup.zsh
[0.686s] -- Installing: /home/nhuypham/ros2_ws/src/ros_basic/install/ros_basic/share/ros_basic/local_setup.dsv
[0.686s] -- Installing: /home/nhuypham/ros2_ws/src/ros_basic/install/ros_basic/share/ros_basic/package.dsv
[0.686s] -- Installing: /home/nhuypham/ros2_ws/src/ros_basic/install/ros_basic/share/ament_index/resource_index/packages/ros_basic
[0.687s] -- Installing: /home/nhuypham/ros2_ws/src/ros_basic/install/ros_basic/share/ros_basic/cmake/ros_basicConfig.cmake
[0.687s] -- Installing: /home/nhuypham/ros2_ws/src/ros_basic/install/ros_basic/share/ros_basic/cmake/ros_basicConfig-version.cmake
[0.687s] -- Installing: /home/nhuypham/ros2_ws/src/ros_basic/install/ros_basic/share/ros_basic/package.xml
[0.688s] Invoked command in '/home/nhuypham/ros2_ws/src/ros_basic/build/ros_basic' returned '0': CMAKE_PREFIX_PATH=${CMAKE_PREFIX_PATH}:/opt/ros/humble /usr/bin/cmake --install /home/nhuypham/ros2_ws/src/ros_basic/build/ros_basic
